<?xml version="1.0" encoding="UTF-8"?>
<!-- Generated by org.testng.reporters.JUnitReportReporter -->
<testsuite hostname="Maas-MacBook-Air.local" failures="0" tests="1" name="SumValidation" time="1.639" errors="0" timestamp="2023-02-03T08:22:57 IST" skipped="0">
  <testcase classname="SumValidation" name="sumOfCourse" time="1.639"/>
  <system-out/>
</testsuite> <!-- SumValidation -->
