<?xml version="1.0" encoding="UTF-8"?>
<!-- Generated by org.testng.reporters.JUnitReportReporter -->
<testsuite hostname="Maas-MacBook-Air.local" failures="0" tests="3" name="DynamicJson" time="3.045" errors="0" timestamp="2023-02-12T13:54:10 IST" skipped="0">
  <testcase classname="DynamicJson" name="addBook" time="2.573"/>
  <system-out/>
  <testcase classname="DynamicJson" name="addBook" time="0.241"/>
  <system-out/>
  <testcase classname="DynamicJson" name="addBook" time="0.231"/>
  <system-out/>
</testsuite> <!-- DynamicJson -->
