<?xml version="1.0" encoding="UTF-8"?>
<!-- Generated by org.testng.reporters.JUnitReportReporter -->
<testsuite hostname="Maas-MacBook-Air.local" failures="0" tests="1" name="files.DynamicJson" time="2.571" errors="0" timestamp="2023-02-12T09:06:06 IST" skipped="0">
  <testcase classname="files.DynamicJson" name="addBook" time="2.571"/>
  <system-out/>
</testsuite> <!-- files.DynamicJson -->
